  [1m[35m (4.0ms)[0m  [1m[35mCREATE DATABASE "db/insta-dev"."postgresql" ENCODING = 'utf8'[0m
  [1m[35m (283.1ms)[0m  [1m[35mCREATE DATABASE "db/insta-dev" ENCODING = 'utf8'[0m
  [1m[35m (1.4ms)[0m  [1m[35mCREATE DATABASE "db/insta-test" ENCODING = 'utf8'[0m
  [1m[35m (0.6ms)[0m  [1m[35mCREATE DATABASE "db/insta-dev" ENCODING = 'utf8'[0m
  [1m[35m (0.4ms)[0m  [1m[35mCREATE DATABASE "db/insta-test" ENCODING = 'utf8'[0m
  [1m[35m (16.1ms)[0m  [1m[35mCREATE TABLE "schema_migrations" ("version" character varying NOT NULL PRIMARY KEY)[0m
  [1m[35m (5.6ms)[0m  [1m[35mCREATE TABLE "ar_internal_metadata" ("key" character varying NOT NULL PRIMARY KEY, "value" character varying, "created_at" timestamp(6) NOT NULL, "updated_at" timestamp(6) NOT NULL)[0m
  [1m[35m (0.2ms)[0m  [1m[34mSELECT pg_try_advisory_lock(4643119406823032730)[0m
  [1m[35m (0.5ms)[0m  [1m[34mSELECT "schema_migrations"."version" FROM "schema_migrations" ORDER BY "schema_migrations"."version" ASC[0m
Migrating to DeviseCreateAccounts (20210922002256)
  [1m[36mTRANSACTION (1.4ms)[0m  [1m[35mBEGIN[0m
  [1m[35m (7.5ms)[0m  [1m[35mCREATE TABLE "accounts" ("id" bigserial primary key, "email" character varying DEFAULT '' NOT NULL, "encrypted_password" character varying DEFAULT '' NOT NULL, "reset_password_token" character varying, "reset_password_sent_at" timestamp, "remember_created_at" timestamp, "created_at" timestamp(6) NOT NULL, "updated_at" timestamp(6) NOT NULL)[0m
  [1m[35m (6.8ms)[0m  [1m[35mCREATE UNIQUE INDEX "index_accounts_on_email" ON "accounts" ("email")[0m
  [1m[35m (3.0ms)[0m  [1m[35mCREATE UNIQUE INDEX "index_accounts_on_reset_password_token" ON "accounts" ("reset_password_token")[0m
  [1m[36mActiveRecord::SchemaMigration Create (0.7ms)[0m  [1m[32mINSERT INTO "schema_migrations" ("version") VALUES ($1) RETURNING "version"[0m  [["version", "20210922002256"]]
  [1m[36mTRANSACTION (0.5ms)[0m  [1m[35mCOMMIT[0m
  [1m[36mActiveRecord::InternalMetadata Load (0.5ms)[0m  [1m[34mSELECT "ar_internal_metadata".* FROM "ar_internal_metadata" WHERE "ar_internal_metadata"."key" = $1 LIMIT $2[0m  [["key", "environment"], ["LIMIT", 1]]
  [1m[36mTRANSACTION (0.2ms)[0m  [1m[35mBEGIN[0m
  [1m[36mActiveRecord::InternalMetadata Create (1.8ms)[0m  [1m[32mINSERT INTO "ar_internal_metadata" ("key", "value", "created_at", "updated_at") VALUES ($1, $2, $3, $4) RETURNING "key"[0m  [["key", "environment"], ["value", "development"], ["created_at", "2021-09-22 00:31:50.652481"], ["updated_at", "2021-09-22 00:31:50.652481"]]
  [1m[36mTRANSACTION (0.5ms)[0m  [1m[35mCOMMIT[0m
  [1m[35m (0.5ms)[0m  [1m[34mSELECT pg_advisory_unlock(4643119406823032730)[0m
  [1m[35m (0.6ms)[0m  [1m[34mSELECT "schema_migrations"."version" FROM "schema_migrations" ORDER BY "schema_migrations"."version" ASC[0m
Started GET "/" for ::1 at 2021-09-22 01:33:33 +0100
  [1m[35m (1.1ms)[0m  [1m[34mSELECT "schema_migrations"."version" FROM "schema_migrations" ORDER BY "schema_migrations"."version" ASC[0m
Processing by PagesController#home as HTML
  Rendering layout layouts/application.html.erb
  Rendering pages/home.html.erb within layouts/application
  Rendered pages/home.html.erb within layouts/application (Duration: 5.0ms | Allocations: 398)
[Webpacker] Compiling...
Started GET "/" for ::1 at 2021-09-22 01:33:38 +0100
Processing by PagesController#home as HTML
  Rendering layout layouts/application.html.erb
  Rendering pages/home.html.erb within layouts/application
  Rendered pages/home.html.erb within layouts/application (Duration: 0.2ms | Allocations: 37)
[Webpacker] Compiling...
[Webpacker] Compiled all packs in /Users/blessingubogu/Projects/instagram-challenge/public/packs
[Webpacker] Hash: e2f281de3ea1fdc4fa5a
Version: webpack 4.46.0
Time: 2701ms
Built at: 22/09/2021 01:33:40
                                     Asset       Size       Chunks                         Chunk Names
    js/application-be412d64645010827f4e.js    125 KiB  application  [emitted] [immutable]  application
js/application-be412d64645010827f4e.js.map    139 KiB  application  [emitted] [dev]        application
                             manifest.json  364 bytes               [emitted]              
Entrypoint application = js/application-be412d64645010827f4e.js js/application-be412d64645010827f4e.js.map
[./app/javascript/channels sync recursive _channel\.js$] ./app/javascript/channels sync _channel\.js$ 160 bytes {application} [built]
[./app/javascript/channels/index.js] 211 bytes {application} [built]
[./app/javascript/packs/application.js] 492 bytes {application} [built]
[./node_modules/webpack/buildin/module.js] (webpack)/buildin/module.js 552 bytes {application} [built]
    + 3 hidden modules

  Rendered layout layouts/application.html.erb (Duration: 7114.7ms | Allocations: 20348)
Completed 200 OK in 7162ms (Views: 7130.8ms | ActiveRecord: 0.0ms | Allocations: 24553)


[Webpacker] Compiled all packs in /Users/blessingubogu/Projects/instagram-challenge/public/packs
[Webpacker] Hash: e2f281de3ea1fdc4fa5a
Version: webpack 4.46.0
Time: 943ms
Built at: 22/09/2021 01:33:41
                                     Asset       Size       Chunks                         Chunk Names
    js/application-be412d64645010827f4e.js    125 KiB  application  [emitted] [immutable]  application
js/application-be412d64645010827f4e.js.map    139 KiB  application  [emitted] [dev]        application
                             manifest.json  364 bytes               [emitted]              
Entrypoint application = js/application-be412d64645010827f4e.js js/application-be412d64645010827f4e.js.map
[./app/javascript/channels sync recursive _channel\.js$] ./app/javascript/channels sync _channel\.js$ 160 bytes {application} [built]
[./app/javascript/channels/index.js] 211 bytes {application} [built]
[./app/javascript/packs/application.js] 492 bytes {application} [built]
[./node_modules/webpack/buildin/module.js] (webpack)/buildin/module.js 552 bytes {application} [built]
    + 3 hidden modules

  Rendered layout layouts/application.html.erb (Duration: 3217.2ms | Allocations: 7045)
Completed 200 OK in 3219ms (Views: 3217.9ms | ActiveRecord: 0.0ms | Allocations: 7443)


Started GET "/" for ::1 at 2021-09-22 01:36:32 +0100
Processing by PagesController#home as HTML
  Rendering layout layouts/application.html.erb
  Rendering pages/home.html.erb within layouts/application
  Rendered pages/home.html.erb within layouts/application (Duration: 26.3ms | Allocations: 3669)
  Rendered layout layouts/application.html.erb (Duration: 27.0ms | Allocations: 3740)
Completed 500 Internal Server Error in 36ms (ActiveRecord: 0.0ms | Allocations: 5057)


  
ActionView::SyntaxErrorInTemplate (Encountered a syntax error while rendering template: check <% if current_user %> 
<%= link_to "Sign Out", destroy_user_registration_path, method: : delete %>
else
<%= link_to "Sign In", new_user_session_path %>
<%= link_to  "Sign Up", new_user_registration_path %>
<% end %> 
 
):
1:    <% if current_user %> 
2:    <%= link_to "Sign Out", destroy_user_registration_path, method: : delete %>
3:    else
4:    <%= link_to "Sign In", new_user_session_path %>
5:    <%= link_to  "Sign Up", new_user_registration_path %>
6:    <% end %> 
7:     
  
app/views/pages/home.html.erb:2: syntax error, unexpected ':'
app/views/pages/home.html.erb:2: syntax error, unexpected ':'
app/views/pages/home.html.erb:2: syntax error, unexpected ':'
app/views/pages/home.html.erb:2: syntax error, unexpected ':'
app/views/pages/home.html.erb:2: syntax error, unexpected ':'
app/views/pages/home.html.erb:2: syntax error, unexpected ':'
Started GET "/" for ::1 at 2021-09-22 01:37:04 +0100
Processing by PagesController#home as HTML
  Rendering layout layouts/application.html.erb
  Rendering pages/home.html.erb within layouts/application
  Rendered pages/home.html.erb within layouts/application (Duration: 24.3ms | Allocations: 4532)
  Rendered layout layouts/application.html.erb (Duration: 24.9ms | Allocations: 4602)
Completed 500 Internal Server Error in 34ms (ActiveRecord: 0.0ms | Allocations: 5879)


  
ActionView::Template::Error (undefined local variable or method `current_user' for #<ActionView::Base:0x00000000008f48>
Did you mean?  current_page?):
    1: <% if current_user %> 
    2: <%= link_to "Sign Out", destroy_user_registration_path, method: :delete %>
    3: else
    4: <%= link_to "Sign In", new_user_session_path %>
  
app/views/pages/home.html.erb:1
Started GET "/sign_in" for ::1 at 2021-09-22 22:51:39 +0100
  [1m[35m (2.3ms)[0m  [1m[34mSELECT "schema_migrations"."version" FROM "schema_migrations" ORDER BY "schema_migrations"."version" ASC[0m
  
ActionController::RoutingError (No route matches [GET] "/sign_in"):
  
Started GET "/account/sign_in" for ::1 at 2021-09-22 22:52:10 +0100
  
ActionController::RoutingError (No route matches [GET] "/account/sign_in"):
  
Started GET "/accounts/sign_in" for ::1 at 2021-09-22 22:52:23 +0100
Processing by Devise::SessionsController#new as HTML
  Rendering layout layouts/application.html.erb
  Rendering devise/sessions/new.html.erb within layouts/application
  Rendered devise/shared/_links.html.erb (Duration: 3.3ms | Allocations: 622)
  Rendered devise/sessions/new.html.erb within layouts/application (Duration: 60.4ms | Allocations: 8163)
[Webpacker] Everything's up-to-date. Nothing to do
  Rendered layout layouts/application.html.erb (Duration: 155.2ms | Allocations: 14115)
Completed 200 OK in 219ms (Views: 163.6ms | ActiveRecord: 18.4ms | Allocations: 22589)


Started GET "/accounts/sign_up" for ::1 at 2021-09-22 22:53:02 +0100
Processing by Devise::RegistrationsController#new as HTML
  Rendering layout layouts/application.html.erb
  Rendering devise/registrations/new.html.erb within layouts/application
  Rendered devise/shared/_error_messages.html.erb (Duration: 3.5ms | Allocations: 219)
  Rendered devise/shared/_links.html.erb (Duration: 0.8ms | Allocations: 153)
  Rendered devise/registrations/new.html.erb within layouts/application (Duration: 19.8ms | Allocations: 1857)
[Webpacker] Everything's up-to-date. Nothing to do
  Rendered layout layouts/application.html.erb (Duration: 42.8ms | Allocations: 5350)
Completed 200 OK in 55ms (Views: 52.6ms | ActiveRecord: 0.0ms | Allocations: 6682)


Started GET "/accounts/sign_up" for ::1 at 2021-09-22 23:02:51 +0100
Processing by Devise::RegistrationsController#new as HTML
  Rendering layout layouts/application.html.erb
  Rendering devise/registrations/new.html.erb within layouts/application
  Rendered devise/shared/_error_messages.html.erb (Duration: 2.0ms | Allocations: 211)
  Rendered devise/shared/_links.html.erb (Duration: 3.6ms | Allocations: 486)
  Rendered devise/registrations/new.html.erb within layouts/application (Duration: 10.8ms | Allocations: 2235)
[Webpacker] Everything's up-to-date. Nothing to do
  Rendered layout layouts/application.html.erb (Duration: 28.9ms | Allocations: 5969)
Completed 200 OK in 42ms (Views: 40.8ms | Allocations: 7769)


Started GET "/accounts/sign_in" for ::1 at 2021-09-22 23:03:00 +0100
Processing by Devise::SessionsController#new as HTML
  Rendering layout layouts/application.html.erb
  Rendering devise/sessions/new.html.erb within layouts/application
  Rendered devise/shared/_links.html.erb (Duration: 0.7ms | Allocations: 161)
  Rendered devise/sessions/new.html.erb within layouts/application (Duration: 5.1ms | Allocations: 1353)
[Webpacker] Everything's up-to-date. Nothing to do
  Rendered layout layouts/application.html.erb (Duration: 22.9ms | Allocations: 4875)
Completed 200 OK in 29ms (Views: 26.9ms | Allocations: 6157)


Started GET "/accounts/sign_in" for ::1 at 2021-09-22 23:08:24 +0100
Processing by Devise::SessionsController#new as HTML
  Rendering layout layouts/application.html.erb
  Rendering devise/sessions/new.html.erb within layouts/application
  Rendered devise/shared/_links.html.erb (Duration: 1.6ms | Allocations: 534)
  Rendered devise/sessions/new.html.erb within layouts/application (Duration: 7.2ms | Allocations: 1854)
  Rendered layout layouts/application.html.erb (Duration: 9.7ms | Allocations: 3133)
Completed 500 Internal Server Error in 22ms (Allocations: 4965)


  
ActionView::SyntaxErrorInTemplate (Encountered a syntax error while rendering template: check <!DOCTYPE html>
<html>
  <head>
    <title>InstagramChallenge</title>
    <meta name="viewport" content="width=device-width,initial-scale=1">
    <%= csrf_meta_tags %>
    <%= csp_meta_tag %>
    <link rel="stylesheet" href="https://cdn.jsdelivr.net/npm/bootstrap@5.1.1/dist/css/bootstrap.min.css">
    <%= stylesheet_link_tag 'application', media: 'all', 'data-turbolinks-track': 'reload' %>
    <%= javascript_pack_tag 'application', 'data-turbolinks-track': 'reload' %>
  </head>

  <body>
  <%= render shared/navbar >
  <p class="notice"><%= notice %></p>
  <p class="alert"><%= alert %></p>
    <%= yield %>
  </body>
</html>

):
1:    <!DOCTYPE html>
2:    <html>
3:      <head>
4:        <title>InstagramChallenge</title>
5:        <meta name="viewport" content="width=device-width,initial-scale=1">
6:        <%= csrf_meta_tags %>
7:        <%= csp_meta_tag %>
8:        <link rel="stylesheet" href="https://cdn.jsdelivr.net/npm/bootstrap@5.1.1/dist/css/bootstrap.min.css">
9:        <%= stylesheet_link_tag 'application', media: 'all', 'data-turbolinks-track': 'reload' %>
10:        <%= javascript_pack_tag 'application', 'data-turbolinks-track': 'reload' %>
11:      </head>
12:    
13:      <body>
14:      <%= render shared/navbar >
15:      <p class="notice"><%= notice %></p>
16:      <p class="alert"><%= alert %></p>
17:        <%= yield %>
18:      </body>
19:    </html>
  
app/views/layouts/application.html.erb:15: syntax error, unexpected '<'
app/views/layouts/application.html.erb:15: syntax error, unexpected '<'
app/views/layouts/application.html.erb:22: syntax error, unexpected `end', expecting ')'
app/views/layouts/application.html.erb:15: syntax error, unexpected '<'
app/views/layouts/application.html.erb:15: syntax error, unexpected '<'
app/views/layouts/application.html.erb:22: syntax error, unexpected `end', expecting ')'
app/views/layouts/application.html.erb:15: syntax error, unexpected '<'
app/views/layouts/application.html.erb:15: syntax error, unexpected '<'
app/views/layouts/application.html.erb:22: syntax error, unexpected `end', expecting ')'
app/views/layouts/application.html.erb:15: syntax error, unexpected '<'
app/views/layouts/application.html.erb:15: syntax error, unexpected '<'
app/views/layouts/application.html.erb:22: syntax error, unexpected `end', expecting ')'
app/views/layouts/application.html.erb:15: syntax error, unexpected '<'
app/views/layouts/application.html.erb:15: syntax error, unexpected '<'
app/views/layouts/application.html.erb:22: syntax error, unexpected `end', expecting ')'
app/views/layouts/application.html.erb:15: syntax error, unexpected '<'
app/views/layouts/application.html.erb:15: syntax error, unexpected '<'
app/views/layouts/application.html.erb:22: syntax error, unexpected `end', expecting ')'
Started GET "/accounts/sign_in" for ::1 at 2021-09-22 23:09:08 +0100
Processing by Devise::SessionsController#new as HTML
  Rendering layout layouts/application.html.erb
  Rendering devise/sessions/new.html.erb within layouts/application
  Rendered devise/shared/_links.html.erb (Duration: 2.4ms | Allocations: 534)
  Rendered devise/sessions/new.html.erb within layouts/application (Duration: 8.9ms | Allocations: 1855)
[Webpacker] Everything's up-to-date. Nothing to do
  Rendered shared/_navbar.html.erb (Duration: 1.0ms | Allocations: 134)
  Rendered layout layouts/application.html.erb (Duration: 31.5ms | Allocations: 5930)
Completed 200 OK in 42ms (Views: 40.2ms | Allocations: 7802)


Started GET "/accounts/sign_in" for ::1 at 2021-09-22 23:09:11 +0100
Processing by Devise::SessionsController#new as HTML
  Rendering layout layouts/application.html.erb
  Rendering devise/sessions/new.html.erb within layouts/application
  Rendered devise/shared/_links.html.erb (Duration: 0.2ms | Allocations: 153)
  Rendered devise/sessions/new.html.erb within layouts/application (Duration: 1.7ms | Allocations: 1009)
[Webpacker] Everything's up-to-date. Nothing to do
  Rendered shared/_navbar.html.erb (Duration: 0.2ms | Allocations: 38)
  Rendered layout layouts/application.html.erb (Duration: 44.1ms | Allocations: 5229)
Completed 200 OK in 46ms (Views: 45.0ms | Allocations: 5906)


Started GET "/accounts/sign_in" for ::1 at 2021-09-22 23:10:18 +0100
Processing by Devise::SessionsController#new as HTML
  Rendering layout layouts/application.html.erb
  Rendering devise/sessions/new.html.erb within layouts/application
  Rendered devise/shared/_links.html.erb (Duration: 1.6ms | Allocations: 534)
  Rendered devise/sessions/new.html.erb within layouts/application (Duration: 5.6ms | Allocations: 1854)
[Webpacker] Everything's up-to-date. Nothing to do
  Rendered shared/_navbar.html.erb (Duration: 0.5ms | Allocations: 133)
  Rendered layout layouts/application.html.erb (Duration: 18.2ms | Allocations: 5909)
Completed 200 OK in 29ms (Views: 26.7ms | Allocations: 7760)


Started GET "/accounts/sign_in" for ::1 at 2021-09-22 23:11:37 +0100
Processing by Devise::SessionsController#new as HTML
  Rendering layout layouts/application.html.erb
  Rendering devise/sessions/new.html.erb within layouts/application
  Rendered devise/shared/_links.html.erb (Duration: 1.1ms | Allocations: 534)
  Rendered devise/sessions/new.html.erb within layouts/application (Duration: 4.2ms | Allocations: 1854)
[Webpacker] Everything's up-to-date. Nothing to do
  Rendered shared/_navbar.html.erb (Duration: 3.8ms | Allocations: 133)
  Rendered layout layouts/application.html.erb (Duration: 18.2ms | Allocations: 5909)
Completed 200 OK in 28ms (Views: 26.1ms | Allocations: 7762)


Started GET "/accounts/sign_in" for ::1 at 2021-09-22 23:11:43 +0100
Processing by Devise::SessionsController#new as HTML
  Rendering layout layouts/application.html.erb
  Rendering devise/sessions/new.html.erb within layouts/application
  Rendered devise/shared/_links.html.erb (Duration: 0.7ms | Allocations: 153)
  Rendered devise/sessions/new.html.erb within layouts/application (Duration: 5.2ms | Allocations: 1009)
[Webpacker] Everything's up-to-date. Nothing to do
  Rendered shared/_navbar.html.erb (Duration: 0.1ms | Allocations: 38)
  Rendered layout layouts/application.html.erb (Duration: 18.4ms | Allocations: 4573)
Completed 200 OK in 21ms (Views: 19.2ms | Allocations: 5238)


Started GET "/accounts/sign_in" for ::1 at 2021-09-22 23:12:01 +0100
Processing by Devise::SessionsController#new as HTML
  Rendering layout layouts/application.html.erb
  Rendering devise/sessions/new.html.erb within layouts/application
  Rendered devise/shared/_links.html.erb (Duration: 1.5ms | Allocations: 534)
  Rendered devise/sessions/new.html.erb within layouts/application (Duration: 4.8ms | Allocations: 1857)
[Webpacker] Everything's up-to-date. Nothing to do
  Rendered shared/_navbar.html.erb (Duration: 0.5ms | Allocations: 133)
  Rendered layout layouts/application.html.erb (Duration: 14.9ms | Allocations: 5913)
Completed 200 OK in 24ms (Views: 22.1ms | Allocations: 7776)


Started GET "/accounts/sign_in" for ::1 at 2021-09-22 23:17:19 +0100
Processing by Devise::SessionsController#new as HTML
  Rendering layout layouts/application.html.erb
  Rendering devise/sessions/new.html.erb within layouts/application
  Rendered devise/shared/_links.html.erb (Duration: 2.7ms | Allocations: 534)
  Rendered devise/sessions/new.html.erb within layouts/application (Duration: 7.0ms | Allocations: 1854)
[Webpacker] Everything's up-to-date. Nothing to do
  Rendered shared/_navbar.html.erb (Duration: 0.5ms | Allocations: 133)
  Rendered layout layouts/application.html.erb (Duration: 30.0ms | Allocations: 5912)
Completed 200 OK in 42ms (Views: 40.2ms | Allocations: 7764)


Started GET "/accounts/sign_in" for ::1 at 2021-09-22 23:17:21 +0100
Processing by Devise::SessionsController#new as HTML
  Rendering layout layouts/application.html.erb
  Rendering devise/sessions/new.html.erb within layouts/application
  Rendered devise/shared/_links.html.erb (Duration: 0.3ms | Allocations: 153)
  Rendered devise/sessions/new.html.erb within layouts/application (Duration: 3.7ms | Allocations: 1010)
[Webpacker] Everything's up-to-date. Nothing to do
  Rendered shared/_navbar.html.erb (Duration: 0.1ms | Allocations: 38)
  Rendered layout layouts/application.html.erb (Duration: 14.5ms | Allocations: 4568)
Completed 200 OK in 19ms (Views: 16.4ms | Allocations: 5229)


Started GET "/accounts/sign_in" for ::1 at 2021-09-22 23:17:22 +0100
Processing by Devise::SessionsController#new as HTML
  Rendering layout layouts/application.html.erb
  Rendering devise/sessions/new.html.erb within layouts/application
  Rendered devise/shared/_links.html.erb (Duration: 0.4ms | Allocations: 153)
  Rendered devise/sessions/new.html.erb within layouts/application (Duration: 5.4ms | Allocations: 1009)
[Webpacker] Everything's up-to-date. Nothing to do
  Rendered shared/_navbar.html.erb (Duration: 0.2ms | Allocations: 38)
  Rendered layout layouts/application.html.erb (Duration: 16.2ms | Allocations: 4565)
Completed 200 OK in 19ms (Views: 18.1ms | Allocations: 5225)


Started GET "/accounts/sign_in" for ::1 at 2021-09-22 23:18:49 +0100
Processing by Devise::SessionsController#new as HTML
  Rendering layout layouts/application.html.erb
  Rendering devise/sessions/new.html.erb within layouts/application
  Rendered devise/shared/_links.html.erb (Duration: 0.7ms | Allocations: 153)
  Rendered devise/sessions/new.html.erb within layouts/application (Duration: 5.1ms | Allocations: 1009)
[Webpacker] Everything's up-to-date. Nothing to do
  Rendered shared/_navbar.html.erb (Duration: 0.2ms | Allocations: 38)
  Rendered layout layouts/application.html.erb (Duration: 29.6ms | Allocations: 4565)
Completed 200 OK in 32ms (Views: 30.8ms | Allocations: 5225)


Started GET "/accounts/sign_in" for ::1 at 2021-09-22 23:18:51 +0100
Processing by Devise::SessionsController#new as HTML
  Rendering layout layouts/application.html.erb
  Rendering devise/sessions/new.html.erb within layouts/application
  Rendered devise/shared/_links.html.erb (Duration: 0.5ms | Allocations: 153)
  Rendered devise/sessions/new.html.erb within layouts/application (Duration: 4.7ms | Allocations: 1009)
[Webpacker] Everything's up-to-date. Nothing to do
  Rendered shared/_navbar.html.erb (Duration: 0.1ms | Allocations: 38)
  Rendered layout layouts/application.html.erb (Duration: 17.4ms | Allocations: 4565)
Completed 200 OK in 20ms (Views: 18.2ms | Allocations: 5226)


Started GET "/accounts/sign_in" for ::1 at 2021-09-22 23:18:51 +0100
Processing by Devise::SessionsController#new as HTML
  Rendering layout layouts/application.html.erb
  Rendering devise/sessions/new.html.erb within layouts/application
  Rendered devise/shared/_links.html.erb (Duration: 0.5ms | Allocations: 153)
  Rendered devise/sessions/new.html.erb within layouts/application (Duration: 4.0ms | Allocations: 1009)
[Webpacker] Everything's up-to-date. Nothing to do
  Rendered shared/_navbar.html.erb (Duration: 0.1ms | Allocations: 38)
  Rendered layout layouts/application.html.erb (Duration: 15.8ms | Allocations: 4572)
Completed 200 OK in 18ms (Views: 16.8ms | Allocations: 5232)


Started GET "/accounts/sign_in" for ::1 at 2021-09-22 23:19:15 +0100
Processing by Devise::SessionsController#new as HTML
  Rendering layout layouts/application.html.erb
  Rendering devise/sessions/new.html.erb within layouts/application
  Rendered devise/shared/_links.html.erb (Duration: 2.0ms | Allocations: 534)
  Rendered devise/sessions/new.html.erb within layouts/application (Duration: 6.9ms | Allocations: 1856)
[Webpacker] Everything's up-to-date. Nothing to do
  Rendered shared/_navbar.html.erb (Duration: 0.8ms | Allocations: 133)
  Rendered layout layouts/application.html.erb (Duration: 21.1ms | Allocations: 5913)
Completed 200 OK in 28ms (Views: 26.4ms | Allocations: 7774)


Started GET "/accounts/sign_in" for ::1 at 2021-09-22 23:30:58 +0100
Processing by Devise::SessionsController#new as HTML
  Rendering layout layouts/application.html.erb
  Rendering devise/sessions/new.html.erb within layouts/application
  Rendered devise/shared/_links.html.erb (Duration: 2.5ms | Allocations: 534)
  Rendered devise/sessions/new.html.erb within layouts/application (Duration: 7.1ms | Allocations: 1854)
[Webpacker] Everything's up-to-date. Nothing to do
  Rendered shared/_navbar.html.erb (Duration: 0.4ms | Allocations: 123)
  Rendered layout layouts/application.html.erb (Duration: 30.4ms | Allocations: 5899)
Completed 200 OK in 43ms (Views: 41.8ms | Allocations: 7751)


Started GET "/accounts/sign_in" for ::1 at 2021-09-22 23:31:05 +0100
Processing by Devise::SessionsController#new as HTML
  Rendering layout layouts/application.html.erb
  Rendering devise/sessions/new.html.erb within layouts/application
  Rendered devise/shared/_links.html.erb (Duration: 0.5ms | Allocations: 153)
  Rendered devise/sessions/new.html.erb within layouts/application (Duration: 4.1ms | Allocations: 1009)
[Webpacker] Everything's up-to-date. Nothing to do
  Rendered shared/_navbar.html.erb (Duration: 0.2ms | Allocations: 38)
  Rendered layout layouts/application.html.erb (Duration: 18.6ms | Allocations: 4565)
Completed 200 OK in 20ms (Views: 19.2ms | Allocations: 5229)


Started GET "/accounts/sign_in" for ::1 at 2021-09-22 23:31:06 +0100
Processing by Devise::SessionsController#new as HTML
  Rendering layout layouts/application.html.erb
  Rendering devise/sessions/new.html.erb within layouts/application
  Rendered devise/shared/_links.html.erb (Duration: 0.6ms | Allocations: 153)
  Rendered devise/sessions/new.html.erb within layouts/application (Duration: 4.3ms | Allocations: 1009)
[Webpacker] Everything's up-to-date. Nothing to do
  Rendered shared/_navbar.html.erb (Duration: 0.1ms | Allocations: 38)
  Rendered layout layouts/application.html.erb (Duration: 19.4ms | Allocations: 4575)
Completed 200 OK in 23ms (Views: 21.1ms | Allocations: 5241)


Started GET "/accounts/sign_in" for ::1 at 2021-09-22 23:47:57 +0100
Processing by Devise::SessionsController#new as HTML
  Rendering layout layouts/application.html.erb
  Rendering devise/sessions/new.html.erb within layouts/application
  Rendered devise/shared/_links.html.erb (Duration: 2.6ms | Allocations: 534)
  Rendered devise/sessions/new.html.erb within layouts/application (Duration: 7.8ms | Allocations: 1858)
[Webpacker] Everything's up-to-date. Nothing to do
  Rendered shared/_navbar.html.erb (Duration: 2.2ms | Allocations: 394)
  Rendered layout layouts/application.html.erb (Duration: 31.7ms | Allocations: 6183)
Completed 200 OK in 41ms (Views: 39.8ms | Allocations: 8044)


Started GET "/accounts/sign_in" for ::1 at 2021-09-22 23:49:30 +0100
Processing by Devise::SessionsController#new as HTML
  Rendering layout layouts/application.html.erb
  Rendering devise/sessions/new.html.erb within layouts/application
  Rendered devise/shared/_links.html.erb (Duration: 2.2ms | Allocations: 534)
  Rendered devise/sessions/new.html.erb within layouts/application (Duration: 7.5ms | Allocations: 1854)
[Webpacker] Everything's up-to-date. Nothing to do
  Rendered shared/_navbar.html.erb (Duration: 0.9ms | Allocations: 344)
  Rendered layout layouts/application.html.erb (Duration: 28.3ms | Allocations: 6120)
Completed 200 OK in 37ms (Views: 34.9ms | Allocations: 7973)


Started GET "/accounts/sign_up" for ::1 at 2021-09-22 23:49:36 +0100
Processing by Devise::RegistrationsController#new as HTML
  Rendering layout layouts/application.html.erb
  Rendering devise/registrations/new.html.erb within layouts/application
  Rendered devise/shared/_error_messages.html.erb (Duration: 1.9ms | Allocations: 211)
  Rendered devise/shared/_links.html.erb (Duration: 0.4ms | Allocations: 113)
  Rendered devise/registrations/new.html.erb within layouts/application (Duration: 12.4ms | Allocations: 1895)
[Webpacker] Everything's up-to-date. Nothing to do
  Rendered shared/_navbar.html.erb (Duration: 0.6ms | Allocations: 142)
  Rendered layout layouts/application.html.erb (Duration: 29.1ms | Allocations: 6134)
Completed 200 OK in 35ms (Views: 32.6ms | Allocations: 7349)


Started GET "/" for ::1 at 2021-09-22 23:51:55 +0100
Processing by PagesController#home as HTML
  Rendering layout layouts/application.html.erb
  Rendering pages/home.html.erb within layouts/application
  Rendered pages/home.html.erb within layouts/application (Duration: 25.0ms | Allocations: 4507)
  Rendered layout layouts/application.html.erb (Duration: 25.7ms | Allocations: 4576)
Completed 500 Internal Server Error in 32ms (Allocations: 5695)


  
ActionView::Template::Error (undefined local variable or method `current_user' for #<ActionView::Base:0x0000000000a708>
Did you mean?  current_page?):
    1: <% if current_user %> 
    2: <%= link_to "Sign Out", destroy_user_registration_path, method: :delete %>
    3: else
    4: <%= link_to "Sign In", new_user_session_path %>
  
app/views/pages/home.html.erb:1
Started GET "/" for ::1 at 2021-09-22 23:56:24 +0100
Processing by PagesController#home as HTML
  Rendering layout layouts/application.html.erb
  Rendering pages/home.html.erb within layouts/application
  Rendered pages/home.html.erb within layouts/application (Duration: 14.0ms | Allocations: 4504)
  Rendered layout layouts/application.html.erb (Duration: 14.4ms | Allocations: 4573)
Completed 500 Internal Server Error in 20ms (Allocations: 5835)


  
ActionView::Template::Error (undefined local variable or method `current' for #<ActionView::Base:0x0000000000ab90>
Did you mean?  current_page?):
    1: <% name = current_account.present? ? current_account.email : 'Stranger' %> 
    2: <h1> Hi, <%= current.account.email %> </h1>
    3:  
    4:  
  
app/views/pages/home.html.erb:2
Started GET "/" for ::1 at 2021-09-22 23:56:42 +0100
Processing by PagesController#home as HTML
  Rendering layout layouts/application.html.erb
  Rendering pages/home.html.erb within layouts/application
  Rendered pages/home.html.erb within layouts/application (Duration: 3.5ms | Allocations: 1640)
  Rendered layout layouts/application.html.erb (Duration: 3.9ms | Allocations: 1709)
Completed 500 Internal Server Error in 11ms (Allocations: 2973)


  
ActionView::Template::Error (undefined method `email' for nil:NilClass):
    1: <% name = current_account.present? ? current_account.email : 'Stranger' %> 
    2: <h1> Hi, <%= current_account.email %> </h1>
    3:  
    4:  
  
app/views/pages/home.html.erb:2
Started GET "/accounts/sign_up" for ::1 at 2021-09-22 23:58:00 +0100
Processing by Devise::RegistrationsController#new as HTML
  Rendering layout layouts/application.html.erb
  Rendering devise/registrations/new.html.erb within layouts/application
  Rendered devise/shared/_error_messages.html.erb (Duration: 1.8ms | Allocations: 211)
  Rendered devise/shared/_links.html.erb (Duration: 2.5ms | Allocations: 486)
  Rendered devise/registrations/new.html.erb within layouts/application (Duration: 12.1ms | Allocations: 2234)
[Webpacker] Everything's up-to-date. Nothing to do
  Rendered shared/_navbar.html.erb (Duration: 1.2ms | Allocations: 344)
  Rendered layout layouts/application.html.erb (Duration: 31.7ms | Allocations: 6511)
Completed 200 OK in 38ms (Views: 36.6ms | Allocations: 8072)


Started GET "/accounts/sign_in" for ::1 at 2021-09-22 23:58:05 +0100
Processing by Devise::SessionsController#new as HTML
  Rendering layout layouts/application.html.erb
  Rendering devise/sessions/new.html.erb within layouts/application
  Rendered devise/shared/_links.html.erb (Duration: 0.3ms | Allocations: 161)
  Rendered devise/sessions/new.html.erb within layouts/application (Duration: 5.6ms | Allocations: 1353)
[Webpacker] Everything's up-to-date. Nothing to do
  Rendered shared/_navbar.html.erb (Duration: 0.8ms | Allocations: 142)
  Rendered layout layouts/application.html.erb (Duration: 20.1ms | Allocations: 5075)
Completed 200 OK in 23ms (Views: 22.5ms | Allocations: 6361)


Started GET "/accounts/sign_up" for ::1 at 2021-09-22 23:58:17 +0100
Processing by Devise::RegistrationsController#new as HTML
  Rendering layout layouts/application.html.erb
  Rendering devise/registrations/new.html.erb within layouts/application
  Rendered devise/shared/_error_messages.html.erb (Duration: 1.3ms | Allocations: 43)
  Rendered devise/shared/_links.html.erb (Duration: 0.4ms | Allocations: 105)
  Rendered devise/registrations/new.html.erb within layouts/application (Duration: 14.6ms | Allocations: 1060)
[Webpacker] Everything's up-to-date. Nothing to do
  Rendered shared/_navbar.html.erb (Duration: 0.4ms | Allocations: 128)
  Rendered layout layouts/application.html.erb (Duration: 49.4ms | Allocations: 5374)
Completed 200 OK in 53ms (Views: 51.5ms | Allocations: 5972)


Started POST "/accounts" for ::1 at 2021-09-22 23:58:43 +0100
Processing by Devise::RegistrationsController#create as HTML
  Parameters: {"authenticity_token"=>"[FILTERED]", "account"=>{"email"=>"she@example.com", "password"=>"[FILTERED]", "password_confirmation"=>"[FILTERED]"}, "commit"=>"Sign up"}
  [1m[36mTRANSACTION (1.5ms)[0m  [1m[35mBEGIN[0m
  [1m[36mAccount Exists? (5.0ms)[0m  [1m[34mSELECT 1 AS one FROM "accounts" WHERE "accounts"."email" = $1 LIMIT $2[0m  [["email", "she@example.com"], ["LIMIT", 1]]
  [1m[36mTRANSACTION (1.7ms)[0m  [1m[31mROLLBACK[0m
  Rendering layout layouts/application.html.erb
  Rendering devise/registrations/new.html.erb within layouts/application
  Rendered devise/shared/_error_messages.html.erb (Duration: 1.3ms | Allocations: 601)
  Rendered devise/shared/_links.html.erb (Duration: 0.2ms | Allocations: 105)
  Rendered devise/registrations/new.html.erb within layouts/application (Duration: 9.8ms | Allocations: 2145)
[Webpacker] Everything's up-to-date. Nothing to do
  Rendered shared/_navbar.html.erb (Duration: 0.8ms | Allocations: 128)
  Rendered layout layouts/application.html.erb (Duration: 18.1ms | Allocations: 5747)
Completed 200 OK in 343ms (Views: 18.7ms | ActiveRecord: 25.2ms | Allocations: 18679)


Started POST "/accounts" for ::1 at 2021-09-22 23:59:00 +0100
Processing by Devise::RegistrationsController#create as HTML
  Parameters: {"authenticity_token"=>"[FILTERED]", "account"=>{"email"=>"she@example.com", "password"=>"[FILTERED]", "password_confirmation"=>"[FILTERED]"}, "commit"=>"Sign up"}
  [1m[36mTRANSACTION (0.8ms)[0m  [1m[35mBEGIN[0m
  [1m[36mAccount Exists? (1.1ms)[0m  [1m[34mSELECT 1 AS one FROM "accounts" WHERE "accounts"."email" = $1 LIMIT $2[0m  [["email", "she@example.com"], ["LIMIT", 1]]
  [1m[36mAccount Create (9.6ms)[0m  [1m[32mINSERT INTO "accounts" ("email", "encrypted_password", "created_at", "updated_at") VALUES ($1, $2, $3, $4) RETURNING "id"[0m  [["email", "she@example.com"], ["encrypted_password", "$2a$12$tSPTzbivjaqm0onX8q4TE.lua3wWlUY3DnKT95vCmhjh2mZulSHZ."], ["created_at", "2021-09-22 22:59:00.994081"], ["updated_at", "2021-09-22 22:59:00.994081"]]
  [1m[36mTRANSACTION (2.1ms)[0m  [1m[35mCOMMIT[0m
Redirected to http://localhost:3000/
Completed 302 Found in 261ms (ActiveRecord: 13.5ms | Allocations: 6212)


Started GET "/" for ::1 at 2021-09-22 23:59:01 +0100
Processing by PagesController#home as HTML
  Rendering layout layouts/application.html.erb
  Rendering pages/home.html.erb within layouts/application
  [1m[36mAccount Load (1.1ms)[0m  [1m[34mSELECT "accounts".* FROM "accounts" WHERE "accounts"."id" = $1 ORDER BY "accounts"."id" ASC LIMIT $2[0m  [["id", 1], ["LIMIT", 1]]
  ↳ app/views/pages/home.html.erb:1
  Rendered pages/home.html.erb within layouts/application (Duration: 6.9ms | Allocations: 1616)
[Webpacker] Everything's up-to-date. Nothing to do
  Rendered shared/_navbar.html.erb (Duration: 0.3ms | Allocations: 109)
  Rendered layout layouts/application.html.erb (Duration: 14.1ms | Allocations: 5286)
Completed 200 OK in 16ms (Views: 12.7ms | ActiveRecord: 2.1ms | Allocations: 5744)


